[0.060s] colcon DEBUG Command line arguments: ['/usr/bin/colcon', 'list', '--base-paths', 'third_party', '--names-only']
[0.060s] colcon DEBUG Parsed command line arguments: Namespace(log_base=None, log_level=None, verb_name='list', build_base='build', ignore_user_meta=False, metas=['./colcon.meta'], base_paths=['third_party'], packages_ignore=None, packages_ignore_regex=None, paths=None, packages_up_to=None, packages_up_to_regex=None, packages_above=None, packages_above_and_dependencies=None, packages_above_depth=None, packages_select_by_dep=None, packages_skip_by_dep=None, packages_skip_up_to=None, packages_select_build_failed=False, packages_skip_build_finished=False, packages_select_test_failures=False, packages_skip_test_passed=False, packages_select=None, packages_skip=None, packages_select_regex=None, packages_skip_regex=None, packages_start=None, packages_end=None, allow_overriding=[], topological_order=False, names_only=True, paths_only=False, topological_graph=False, topological_graph_dot=False, topological_graph_density=False, topological_graph_legend=False, topological_graph_dot_cluster=False, topological_graph_dot_include_skipped=False, verb_parser=<colcon_defaults.argument_parser.defaults.DefaultArgumentsDecorator object at 0x790aea4441f0>, verb_extension=<colcon_package_information.verb.list.ListVerb object at 0x790aea5b4fa0>, main=<bound method ListVerb.main of <colcon_package_information.verb.list.ListVerb object at 0x790aea5b4fa0>>)
[0.215s] colcon.colcon_core.package_discovery Level 1 discover_packages(colcon_meta) check parameters
[0.215s] colcon.colcon_core.package_discovery Level 1 discover_packages(recursive) check parameters
[0.215s] colcon.colcon_core.package_discovery Level 1 discover_packages(ignore) check parameters
[0.215s] colcon.colcon_core.package_discovery Level 1 discover_packages(path) check parameters
[0.215s] colcon.colcon_core.package_discovery Level 1 discover_packages(recursive) discover
[0.215s] colcon.colcon_core.package_discovery INFO Crawling recursively for packages in '/home/x/mujoco/ausim2/third_party'
[0.215s] colcon.colcon_core.package_identification Level 1 _identify(third_party) by extensions ['ignore', 'ignore_ament_install']
[0.215s] colcon.colcon_core.package_identification Level 1 _identify(third_party) by extension 'ignore'
[0.215s] colcon.colcon_core.package_identification Level 1 _identify(third_party) by extension 'ignore_ament_install'
[0.215s] colcon.colcon_core.package_identification Level 1 _identify(third_party) by extensions ['colcon_pkg']
[0.215s] colcon.colcon_core.package_identification Level 1 _identify(third_party) by extension 'colcon_pkg'
[0.215s] colcon.colcon_core.package_identification Level 1 _identify(third_party) by extensions ['colcon_meta']
[0.215s] colcon.colcon_core.package_identification Level 1 _identify(third_party) by extension 'colcon_meta'
[0.215s] colcon.colcon_core.package_identification Level 1 _identify(third_party) by extensions ['ros']
[0.215s] colcon.colcon_core.package_identification Level 1 _identify(third_party) by extension 'ros'
[0.222s] colcon.colcon_core.package_identification Level 1 _identify(third_party) by extensions ['cmake', 'python']
[0.222s] colcon.colcon_core.package_identification Level 1 _identify(third_party) by extension 'cmake'
[0.222s] colcon.colcon_core.package_identification Level 1 _identify(third_party) by extension 'python'
[0.222s] colcon.colcon_core.package_identification Level 1 _identify(third_party) by extensions ['python_setup_py']
[0.222s] colcon.colcon_core.package_identification Level 1 _identify(third_party) by extension 'python_setup_py'
[0.222s] colcon.colcon_core.package_identification Level 1 _identify(third_party/dynamic_obs_generator) by extensions ['ignore', 'ignore_ament_install']
[0.222s] colcon.colcon_core.package_identification Level 1 _identify(third_party/dynamic_obs_generator) by extension 'ignore'
[0.222s] colcon.colcon_core.package_identification Level 1 _identify(third_party/dynamic_obs_generator) by extension 'ignore_ament_install'
[0.222s] colcon.colcon_core.package_identification Level 1 _identify(third_party/dynamic_obs_generator) by extensions ['colcon_pkg']
[0.222s] colcon.colcon_core.package_identification Level 1 _identify(third_party/dynamic_obs_generator) by extension 'colcon_pkg'
[0.222s] colcon.colcon_core.package_identification Level 1 _identify(third_party/dynamic_obs_generator) by extensions ['colcon_meta']
[0.222s] colcon.colcon_core.package_identification Level 1 _identify(third_party/dynamic_obs_generator) by extension 'colcon_meta'
[0.222s] colcon.colcon_core.package_identification Level 1 _identify(third_party/dynamic_obs_generator) by extensions ['ros']
[0.222s] colcon.colcon_core.package_identification Level 1 _identify(third_party/dynamic_obs_generator) by extension 'ros'
[0.222s] colcon.colcon_core.package_identification Level 1 _identify(third_party/dynamic_obs_generator) by extensions ['cmake', 'python']
[0.222s] colcon.colcon_core.package_identification Level 1 _identify(third_party/dynamic_obs_generator) by extension 'cmake'
[0.223s] colcon.colcon_core.package_identification Level 1 _identify(third_party/dynamic_obs_generator) by extension 'python'
[0.223s] colcon.colcon_core.package_identification DEBUG Package 'third_party/dynamic_obs_generator' with type 'cmake' and name 'dynamic_obs_generator'
[0.223s] colcon.colcon_core.package_identification Level 1 _identify(third_party/mujoco-3.6.0) by extensions ['ignore', 'ignore_ament_install']
[0.223s] colcon.colcon_core.package_identification Level 1 _identify(third_party/mujoco-3.6.0) by extension 'ignore'
[0.223s] colcon.colcon_core.package_identification Level 1 _identify(third_party/mujoco-3.6.0) by extension 'ignore_ament_install'
[0.223s] colcon.colcon_core.package_identification Level 1 _identify(third_party/mujoco-3.6.0) by extensions ['colcon_pkg']
[0.223s] colcon.colcon_core.package_identification Level 1 _identify(third_party/mujoco-3.6.0) by extension 'colcon_pkg'
[0.223s] colcon.colcon_core.package_identification Level 1 _identify(third_party/mujoco-3.6.0) by extensions ['colcon_meta']
[0.223s] colcon.colcon_core.package_identification Level 1 _identify(third_party/mujoco-3.6.0) by extension 'colcon_meta'
[0.223s] colcon.colcon_core.package_identification Level 1 _identify(third_party/mujoco-3.6.0) by extensions ['ros']
[0.223s] colcon.colcon_core.package_identification Level 1 _identify(third_party/mujoco-3.6.0) by extension 'ros'
[0.223s] colcon.colcon_core.package_identification Level 1 _identify(third_party/mujoco-3.6.0) by extensions ['cmake', 'python']
[0.223s] colcon.colcon_core.package_identification Level 1 _identify(third_party/mujoco-3.6.0) by extension 'cmake'
[0.224s] colcon.colcon_core.package_identification Level 1 _identify(third_party/mujoco-3.6.0) by extension 'python'
[0.224s] colcon.colcon_core.package_identification Level 1 _identify(third_party/mujoco-3.6.0) by extensions ['python_setup_py']
[0.224s] colcon.colcon_core.package_identification Level 1 _identify(third_party/mujoco-3.6.0) by extension 'python_setup_py'
[0.224s] colcon.colcon_core.package_identification Level 1 _identify(third_party/mujoco-3.6.0/bin) by extensions ['ignore', 'ignore_ament_install']
[0.224s] colcon.colcon_core.package_identification Level 1 _identify(third_party/mujoco-3.6.0/bin) by extension 'ignore'
[0.224s] colcon.colcon_core.package_identification Level 1 _identify(third_party/mujoco-3.6.0/bin) by extension 'ignore_ament_install'
[0.224s] colcon.colcon_core.package_identification Level 1 _identify(third_party/mujoco-3.6.0/bin) by extensions ['colcon_pkg']
[0.224s] colcon.colcon_core.package_identification Level 1 _identify(third_party/mujoco-3.6.0/bin) by extension 'colcon_pkg'
[0.224s] colcon.colcon_core.package_identification Level 1 _identify(third_party/mujoco-3.6.0/bin) by extensions ['colcon_meta']
[0.224s] colcon.colcon_core.package_identification Level 1 _identify(third_party/mujoco-3.6.0/bin) by extension 'colcon_meta'
[0.224s] colcon.colcon_core.package_identification Level 1 _identify(third_party/mujoco-3.6.0/bin) by extensions ['ros']
[0.224s] colcon.colcon_core.package_identification Level 1 _identify(third_party/mujoco-3.6.0/bin) by extension 'ros'
[0.224s] colcon.colcon_core.package_identification Level 1 _identify(third_party/mujoco-3.6.0/bin) by extensions ['cmake', 'python']
[0.224s] colcon.colcon_core.package_identification Level 1 _identify(third_party/mujoco-3.6.0/bin) by extension 'cmake'
[0.224s] colcon.colcon_core.package_identification Level 1 _identify(third_party/mujoco-3.6.0/bin) by extension 'python'
[0.224s] colcon.colcon_core.package_identification Level 1 _identify(third_party/mujoco-3.6.0/bin) by extensions ['python_setup_py']
[0.224s] colcon.colcon_core.package_identification Level 1 _identify(third_party/mujoco-3.6.0/bin) by extension 'python_setup_py'
[0.224s] colcon.colcon_core.package_identification Level 1 _identify(third_party/mujoco-3.6.0/bin/mujoco_plugin) by extensions ['ignore', 'ignore_ament_install']
[0.224s] colcon.colcon_core.package_identification Level 1 _identify(third_party/mujoco-3.6.0/bin/mujoco_plugin) by extension 'ignore'
[0.224s] colcon.colcon_core.package_identification Level 1 _identify(third_party/mujoco-3.6.0/bin/mujoco_plugin) by extension 'ignore_ament_install'
[0.224s] colcon.colcon_core.package_identification Level 1 _identify(third_party/mujoco-3.6.0/bin/mujoco_plugin) by extensions ['colcon_pkg']
[0.224s] colcon.colcon_core.package_identification Level 1 _identify(third_party/mujoco-3.6.0/bin/mujoco_plugin) by extension 'colcon_pkg'
[0.224s] colcon.colcon_core.package_identification Level 1 _identify(third_party/mujoco-3.6.0/bin/mujoco_plugin) by extensions ['colcon_meta']
[0.224s] colcon.colcon_core.package_identification Level 1 _identify(third_party/mujoco-3.6.0/bin/mujoco_plugin) by extension 'colcon_meta'
[0.224s] colcon.colcon_core.package_identification Level 1 _identify(third_party/mujoco-3.6.0/bin/mujoco_plugin) by extensions ['ros']
[0.224s] colcon.colcon_core.package_identification Level 1 _identify(third_party/mujoco-3.6.0/bin/mujoco_plugin) by extension 'ros'
[0.224s] colcon.colcon_core.package_identification Level 1 _identify(third_party/mujoco-3.6.0/bin/mujoco_plugin) by extensions ['cmake', 'python']
[0.224s] colcon.colcon_core.package_identification Level 1 _identify(third_party/mujoco-3.6.0/bin/mujoco_plugin) by extension 'cmake'
[0.224s] colcon.colcon_core.package_identification Level 1 _identify(third_party/mujoco-3.6.0/bin/mujoco_plugin) by extension 'python'
[0.224s] colcon.colcon_core.package_identification Level 1 _identify(third_party/mujoco-3.6.0/bin/mujoco_plugin) by extensions ['python_setup_py']
[0.224s] colcon.colcon_core.package_identification Level 1 _identify(third_party/mujoco-3.6.0/bin/mujoco_plugin) by extension 'python_setup_py'
[0.224s] colcon.colcon_core.package_identification Level 1 _identify(third_party/mujoco-3.6.0/include) by extensions ['ignore', 'ignore_ament_install']
[0.224s] colcon.colcon_core.package_identification Level 1 _identify(third_party/mujoco-3.6.0/include) by extension 'ignore'
[0.224s] colcon.colcon_core.package_identification Level 1 _identify(third_party/mujoco-3.6.0/include) by extension 'ignore_ament_install'
[0.224s] colcon.colcon_core.package_identification Level 1 _identify(third_party/mujoco-3.6.0/include) by extensions ['colcon_pkg']
[0.224s] colcon.colcon_core.package_identification Level 1 _identify(third_party/mujoco-3.6.0/include) by extension 'colcon_pkg'
[0.224s] colcon.colcon_core.package_identification Level 1 _identify(third_party/mujoco-3.6.0/include) by extensions ['colcon_meta']
[0.224s] colcon.colcon_core.package_identification Level 1 _identify(third_party/mujoco-3.6.0/include) by extension 'colcon_meta'
[0.224s] colcon.colcon_core.package_identification Level 1 _identify(third_party/mujoco-3.6.0/include) by extensions ['ros']
[0.224s] colcon.colcon_core.package_identification Level 1 _identify(third_party/mujoco-3.6.0/include) by extension 'ros'
[0.224s] colcon.colcon_core.package_identification Level 1 _identify(third_party/mujoco-3.6.0/include) by extensions ['cmake', 'python']
[0.224s] colcon.colcon_core.package_identification Level 1 _identify(third_party/mujoco-3.6.0/include) by extension 'cmake'
[0.224s] colcon.colcon_core.package_identification Level 1 _identify(third_party/mujoco-3.6.0/include) by extension 'python'
[0.224s] colcon.colcon_core.package_identification Level 1 _identify(third_party/mujoco-3.6.0/include) by extensions ['python_setup_py']
[0.225s] colcon.colcon_core.package_identification Level 1 _identify(third_party/mujoco-3.6.0/include) by extension 'python_setup_py'
[0.225s] colcon.colcon_core.package_identification Level 1 _identify(third_party/mujoco-3.6.0/include/mujoco) by extensions ['ignore', 'ignore_ament_install']
[0.225s] colcon.colcon_core.package_identification Level 1 _identify(third_party/mujoco-3.6.0/include/mujoco) by extension 'ignore'
[0.225s] colcon.colcon_core.package_identification Level 1 _identify(third_party/mujoco-3.6.0/include/mujoco) by extension 'ignore_ament_install'
[0.225s] colcon.colcon_core.package_identification Level 1 _identify(third_party/mujoco-3.6.0/include/mujoco) by extensions ['colcon_pkg']
[0.225s] colcon.colcon_core.package_identification Level 1 _identify(third_party/mujoco-3.6.0/include/mujoco) by extension 'colcon_pkg'
[0.225s] colcon.colcon_core.package_identification Level 1 _identify(third_party/mujoco-3.6.0/include/mujoco) by extensions ['colcon_meta']
[0.225s] colcon.colcon_core.package_identification Level 1 _identify(third_party/mujoco-3.6.0/include/mujoco) by extension 'colcon_meta'
[0.225s] colcon.colcon_core.package_identification Level 1 _identify(third_party/mujoco-3.6.0/include/mujoco) by extensions ['ros']
[0.225s] colcon.colcon_core.package_identification Level 1 _identify(third_party/mujoco-3.6.0/include/mujoco) by extension 'ros'
[0.225s] colcon.colcon_core.package_identification Level 1 _identify(third_party/mujoco-3.6.0/include/mujoco) by extensions ['cmake', 'python']
[0.225s] colcon.colcon_core.package_identification Level 1 _identify(third_party/mujoco-3.6.0/include/mujoco) by extension 'cmake'
[0.225s] colcon.colcon_core.package_identification Level 1 _identify(third_party/mujoco-3.6.0/include/mujoco) by extension 'python'
[0.225s] colcon.colcon_core.package_identification Level 1 _identify(third_party/mujoco-3.6.0/include/mujoco) by extensions ['python_setup_py']
[0.225s] colcon.colcon_core.package_identification Level 1 _identify(third_party/mujoco-3.6.0/include/mujoco) by extension 'python_setup_py'
[0.225s] colcon.colcon_core.package_identification Level 1 _identify(third_party/mujoco-3.6.0/include/mujoco/experimental) by extensions ['ignore', 'ignore_ament_install']
[0.225s] colcon.colcon_core.package_identification Level 1 _identify(third_party/mujoco-3.6.0/include/mujoco/experimental) by extension 'ignore'
[0.225s] colcon.colcon_core.package_identification Level 1 _identify(third_party/mujoco-3.6.0/include/mujoco/experimental) by extension 'ignore_ament_install'
[0.225s] colcon.colcon_core.package_identification Level 1 _identify(third_party/mujoco-3.6.0/include/mujoco/experimental) by extensions ['colcon_pkg']
[0.225s] colcon.colcon_core.package_identification Level 1 _identify(third_party/mujoco-3.6.0/include/mujoco/experimental) by extension 'colcon_pkg'
[0.225s] colcon.colcon_core.package_identification Level 1 _identify(third_party/mujoco-3.6.0/include/mujoco/experimental) by extensions ['colcon_meta']
[0.225s] colcon.colcon_core.package_identification Level 1 _identify(third_party/mujoco-3.6.0/include/mujoco/experimental) by extension 'colcon_meta'
[0.225s] colcon.colcon_core.package_identification Level 1 _identify(third_party/mujoco-3.6.0/include/mujoco/experimental) by extensions ['ros']
[0.225s] colcon.colcon_core.package_identification Level 1 _identify(third_party/mujoco-3.6.0/include/mujoco/experimental) by extension 'ros'
[0.225s] colcon.colcon_core.package_identification Level 1 _identify(third_party/mujoco-3.6.0/include/mujoco/experimental) by extensions ['cmake', 'python']
[0.225s] colcon.colcon_core.package_identification Level 1 _identify(third_party/mujoco-3.6.0/include/mujoco/experimental) by extension 'cmake'
[0.225s] colcon.colcon_core.package_identification Level 1 _identify(third_party/mujoco-3.6.0/include/mujoco/experimental) by extension 'python'
[0.225s] colcon.colcon_core.package_identification Level 1 _identify(third_party/mujoco-3.6.0/include/mujoco/experimental) by extensions ['python_setup_py']
[0.225s] colcon.colcon_core.package_identification Level 1 _identify(third_party/mujoco-3.6.0/include/mujoco/experimental) by extension 'python_setup_py'
[0.225s] colcon.colcon_core.package_identification Level 1 _identify(third_party/mujoco-3.6.0/include/mujoco/experimental/usd) by extensions ['ignore', 'ignore_ament_install']
[0.225s] colcon.colcon_core.package_identification Level 1 _identify(third_party/mujoco-3.6.0/include/mujoco/experimental/usd) by extension 'ignore'
[0.225s] colcon.colcon_core.package_identification Level 1 _identify(third_party/mujoco-3.6.0/include/mujoco/experimental/usd) by extension 'ignore_ament_install'
[0.225s] colcon.colcon_core.package_identification Level 1 _identify(third_party/mujoco-3.6.0/include/mujoco/experimental/usd) by extensions ['colcon_pkg']
[0.225s] colcon.colcon_core.package_identification Level 1 _identify(third_party/mujoco-3.6.0/include/mujoco/experimental/usd) by extension 'colcon_pkg'
[0.225s] colcon.colcon_core.package_identification Level 1 _identify(third_party/mujoco-3.6.0/include/mujoco/experimental/usd) by extensions ['colcon_meta']
[0.225s] colcon.colcon_core.package_identification Level 1 _identify(third_party/mujoco-3.6.0/include/mujoco/experimental/usd) by extension 'colcon_meta'
[0.225s] colcon.colcon_core.package_identification Level 1 _identify(third_party/mujoco-3.6.0/include/mujoco/experimental/usd) by extensions ['ros']
[0.225s] colcon.colcon_core.package_identification Level 1 _identify(third_party/mujoco-3.6.0/include/mujoco/experimental/usd) by extension 'ros'
[0.225s] colcon.colcon_core.package_identification Level 1 _identify(third_party/mujoco-3.6.0/include/mujoco/experimental/usd) by extensions ['cmake', 'python']
[0.225s] colcon.colcon_core.package_identification Level 1 _identify(third_party/mujoco-3.6.0/include/mujoco/experimental/usd) by extension 'cmake'
[0.225s] colcon.colcon_core.package_identification Level 1 _identify(third_party/mujoco-3.6.0/include/mujoco/experimental/usd) by extension 'python'
[0.225s] colcon.colcon_core.package_identification Level 1 _identify(third_party/mujoco-3.6.0/include/mujoco/experimental/usd) by extensions ['python_setup_py']
[0.226s] colcon.colcon_core.package_identification Level 1 _identify(third_party/mujoco-3.6.0/include/mujoco/experimental/usd) by extension 'python_setup_py'
[0.226s] colcon.colcon_core.package_identification Level 1 _identify(third_party/mujoco-3.6.0/include/mujoco/experimental/usd/mjcPhysics) by extensions ['ignore', 'ignore_ament_install']
[0.226s] colcon.colcon_core.package_identification Level 1 _identify(third_party/mujoco-3.6.0/include/mujoco/experimental/usd/mjcPhysics) by extension 'ignore'
[0.226s] colcon.colcon_core.package_identification Level 1 _identify(third_party/mujoco-3.6.0/include/mujoco/experimental/usd/mjcPhysics) by extension 'ignore_ament_install'
[0.226s] colcon.colcon_core.package_identification Level 1 _identify(third_party/mujoco-3.6.0/include/mujoco/experimental/usd/mjcPhysics) by extensions ['colcon_pkg']
[0.226s] colcon.colcon_core.package_identification Level 1 _identify(third_party/mujoco-3.6.0/include/mujoco/experimental/usd/mjcPhysics) by extension 'colcon_pkg'
[0.226s] colcon.colcon_core.package_identification Level 1 _identify(third_party/mujoco-3.6.0/include/mujoco/experimental/usd/mjcPhysics) by extensions ['colcon_meta']
[0.226s] colcon.colcon_core.package_identification Level 1 _identify(third_party/mujoco-3.6.0/include/mujoco/experimental/usd/mjcPhysics) by extension 'colcon_meta'
[0.226s] colcon.colcon_core.package_identification Level 1 _identify(third_party/mujoco-3.6.0/include/mujoco/experimental/usd/mjcPhysics) by extensions ['ros']
[0.226s] colcon.colcon_core.package_identification Level 1 _identify(third_party/mujoco-3.6.0/include/mujoco/experimental/usd/mjcPhysics) by extension 'ros'
[0.226s] colcon.colcon_core.package_identification Level 1 _identify(third_party/mujoco-3.6.0/include/mujoco/experimental/usd/mjcPhysics) by extensions ['cmake', 'python']
[0.226s] colcon.colcon_core.package_identification Level 1 _identify(third_party/mujoco-3.6.0/include/mujoco/experimental/usd/mjcPhysics) by extension 'cmake'
[0.226s] colcon.colcon_core.package_identification Level 1 _identify(third_party/mujoco-3.6.0/include/mujoco/experimental/usd/mjcPhysics) by extension 'python'
[0.226s] colcon.colcon_core.package_identification Level 1 _identify(third_party/mujoco-3.6.0/include/mujoco/experimental/usd/mjcPhysics) by extensions ['python_setup_py']
[0.226s] colcon.colcon_core.package_identification Level 1 _identify(third_party/mujoco-3.6.0/include/mujoco/experimental/usd/mjcPhysics) by extension 'python_setup_py'
[0.226s] colcon.colcon_core.package_identification Level 1 _identify(third_party/mujoco-3.6.0/lib) by extensions ['ignore', 'ignore_ament_install']
[0.226s] colcon.colcon_core.package_identification Level 1 _identify(third_party/mujoco-3.6.0/lib) by extension 'ignore'
[0.226s] colcon.colcon_core.package_identification Level 1 _identify(third_party/mujoco-3.6.0/lib) by extension 'ignore_ament_install'
[0.226s] colcon.colcon_core.package_identification Level 1 _identify(third_party/mujoco-3.6.0/lib) by extensions ['colcon_pkg']
[0.226s] colcon.colcon_core.package_identification Level 1 _identify(third_party/mujoco-3.6.0/lib) by extension 'colcon_pkg'
[0.226s] colcon.colcon_core.package_identification Level 1 _identify(third_party/mujoco-3.6.0/lib) by extensions ['colcon_meta']
[0.226s] colcon.colcon_core.package_identification Level 1 _identify(third_party/mujoco-3.6.0/lib) by extension 'colcon_meta'
[0.226s] colcon.colcon_core.package_identification Level 1 _identify(third_party/mujoco-3.6.0/lib) by extensions ['ros']
[0.226s] colcon.colcon_core.package_identification Level 1 _identify(third_party/mujoco-3.6.0/lib) by extension 'ros'
[0.226s] colcon.colcon_core.package_identification Level 1 _identify(third_party/mujoco-3.6.0/lib) by extensions ['cmake', 'python']
[0.226s] colcon.colcon_core.package_identification Level 1 _identify(third_party/mujoco-3.6.0/lib) by extension 'cmake'
[0.226s] colcon.colcon_core.package_identification Level 1 _identify(third_party/mujoco-3.6.0/lib) by extension 'python'
[0.226s] colcon.colcon_core.package_identification Level 1 _identify(third_party/mujoco-3.6.0/lib) by extensions ['python_setup_py']
[0.226s] colcon.colcon_core.package_identification Level 1 _identify(third_party/mujoco-3.6.0/lib) by extension 'python_setup_py'
[0.226s] colcon.colcon_core.package_identification Level 1 _identify(third_party/mujoco-3.6.0/model) by extensions ['ignore', 'ignore_ament_install']
[0.226s] colcon.colcon_core.package_identification Level 1 _identify(third_party/mujoco-3.6.0/model) by extension 'ignore'
[0.226s] colcon.colcon_core.package_identification Level 1 _identify(third_party/mujoco-3.6.0/model) by extension 'ignore_ament_install'
[0.226s] colcon.colcon_core.package_identification Level 1 _identify(third_party/mujoco-3.6.0/model) by extensions ['colcon_pkg']
[0.226s] colcon.colcon_core.package_identification Level 1 _identify(third_party/mujoco-3.6.0/model) by extension 'colcon_pkg'
[0.226s] colcon.colcon_core.package_identification Level 1 _identify(third_party/mujoco-3.6.0/model) by extensions ['colcon_meta']
[0.226s] colcon.colcon_core.package_identification Level 1 _identify(third_party/mujoco-3.6.0/model) by extension 'colcon_meta'
[0.226s] colcon.colcon_core.package_identification Level 1 _identify(third_party/mujoco-3.6.0/model) by extensions ['ros']
[0.226s] colcon.colcon_core.package_identification Level 1 _identify(third_party/mujoco-3.6.0/model) by extension 'ros'
[0.226s] colcon.colcon_core.package_identification Level 1 _identify(third_party/mujoco-3.6.0/model) by extensions ['cmake', 'python']
[0.226s] colcon.colcon_core.package_identification Level 1 _identify(third_party/mujoco-3.6.0/model) by extension 'cmake'
[0.226s] colcon.colcon_core.package_identification Level 1 _identify(third_party/mujoco-3.6.0/model) by extension 'python'
[0.227s] colcon.colcon_core.package_identification Level 1 _identify(third_party/mujoco-3.6.0/model) by extensions ['python_setup_py']
[0.227s] colcon.colcon_core.package_identification Level 1 _identify(third_party/mujoco-3.6.0/model) by extension 'python_setup_py'
[0.227s] colcon.colcon_core.package_identification Level 1 _identify(third_party/mujoco-3.6.0/model/adhesion) by extensions ['ignore', 'ignore_ament_install']
[0.227s] colcon.colcon_core.package_identification Level 1 _identify(third_party/mujoco-3.6.0/model/adhesion) by extension 'ignore'
[0.227s] colcon.colcon_core.package_identification Level 1 _identify(third_party/mujoco-3.6.0/model/adhesion) by extension 'ignore_ament_install'
[0.227s] colcon.colcon_core.package_identification Level 1 _identify(third_party/mujoco-3.6.0/model/adhesion) by extensions ['colcon_pkg']
[0.227s] colcon.colcon_core.package_identification Level 1 _identify(third_party/mujoco-3.6.0/model/adhesion) by extension 'colcon_pkg'
[0.227s] colcon.colcon_core.package_identification Level 1 _identify(third_party/mujoco-3.6.0/model/adhesion) by extensions ['colcon_meta']
[0.227s] colcon.colcon_core.package_identification Level 1 _identify(third_party/mujoco-3.6.0/model/adhesion) by extension 'colcon_meta'
[0.227s] colcon.colcon_core.package_identification Level 1 _identify(third_party/mujoco-3.6.0/model/adhesion) by extensions ['ros']
[0.227s] colcon.colcon_core.package_identification Level 1 _identify(third_party/mujoco-3.6.0/model/adhesion) by extension 'ros'
[0.227s] colcon.colcon_core.package_identification Level 1 _identify(third_party/mujoco-3.6.0/model/adhesion) by extensions ['cmake', 'python']
[0.227s] colcon.colcon_core.package_identification Level 1 _identify(third_party/mujoco-3.6.0/model/adhesion) by extension 'cmake'
[0.227s] colcon.colcon_core.package_identification Level 1 _identify(third_party/mujoco-3.6.0/model/adhesion) by extension 'python'
[0.227s] colcon.colcon_core.package_identification Level 1 _identify(third_party/mujoco-3.6.0/model/adhesion) by extensions ['python_setup_py']
[0.227s] colcon.colcon_core.package_identification Level 1 _identify(third_party/mujoco-3.6.0/model/adhesion) by extension 'python_setup_py'
[0.227s] colcon.colcon_core.package_identification Level 1 _identify(third_party/mujoco-3.6.0/model/balloons) by extensions ['ignore', 'ignore_ament_install']
[0.228s] colcon.colcon_core.package_identification Level 1 _identify(third_party/mujoco-3.6.0/model/balloons) by extension 'ignore'
[0.228s] colcon.colcon_core.package_identification Level 1 _identify(third_party/mujoco-3.6.0/model/balloons) by extension 'ignore_ament_install'
[0.228s] colcon.colcon_core.package_identification Level 1 _identify(third_party/mujoco-3.6.0/model/balloons) by extensions ['colcon_pkg']
[0.228s] colcon.colcon_core.package_identification Level 1 _identify(third_party/mujoco-3.6.0/model/balloons) by extension 'colcon_pkg'
[0.228s] colcon.colcon_core.package_identification Level 1 _identify(third_party/mujoco-3.6.0/model/balloons) by extensions ['colcon_meta']
[0.228s] colcon.colcon_core.package_identification Level 1 _identify(third_party/mujoco-3.6.0/model/balloons) by extension 'colcon_meta'
[0.228s] colcon.colcon_core.package_identification Level 1 _identify(third_party/mujoco-3.6.0/model/balloons) by extensions ['ros']
[0.228s] colcon.colcon_core.package_identification Level 1 _identify(third_party/mujoco-3.6.0/model/balloons) by extension 'ros'
[0.228s] colcon.colcon_core.package_identification Level 1 _identify(third_party/mujoco-3.6.0/model/balloons) by extensions ['cmake', 'python']
[0.228s] colcon.colcon_core.package_identification Level 1 _identify(third_party/mujoco-3.6.0/model/balloons) by extension 'cmake'
[0.228s] colcon.colcon_core.package_identification Level 1 _identify(third_party/mujoco-3.6.0/model/balloons) by extension 'python'
[0.228s] colcon.colcon_core.package_identification Level 1 _identify(third_party/mujoco-3.6.0/model/balloons) by extensions ['python_setup_py']
[0.228s] colcon.colcon_core.package_identification Level 1 _identify(third_party/mujoco-3.6.0/model/balloons) by extension 'python_setup_py'
[0.228s] colcon.colcon_core.package_identification Level 1 _identify(third_party/mujoco-3.6.0/model/car) by extensions ['ignore', 'ignore_ament_install']
[0.228s] colcon.colcon_core.package_identification Level 1 _identify(third_party/mujoco-3.6.0/model/car) by extension 'ignore'
[0.228s] colcon.colcon_core.package_identification Level 1 _identify(third_party/mujoco-3.6.0/model/car) by extension 'ignore_ament_install'
[0.228s] colcon.colcon_core.package_identification Level 1 _identify(third_party/mujoco-3.6.0/model/car) by extensions ['colcon_pkg']
[0.228s] colcon.colcon_core.package_identification Level 1 _identify(third_party/mujoco-3.6.0/model/car) by extension 'colcon_pkg'
[0.228s] colcon.colcon_core.package_identification Level 1 _identify(third_party/mujoco-3.6.0/model/car) by extensions ['colcon_meta']
[0.228s] colcon.colcon_core.package_identification Level 1 _identify(third_party/mujoco-3.6.0/model/car) by extension 'colcon_meta'
[0.228s] colcon.colcon_core.package_identification Level 1 _identify(third_party/mujoco-3.6.0/model/car) by extensions ['ros']
[0.228s] colcon.colcon_core.package_identification Level 1 _identify(third_party/mujoco-3.6.0/model/car) by extension 'ros'
[0.228s] colcon.colcon_core.package_identification Level 1 _identify(third_party/mujoco-3.6.0/model/car) by extensions ['cmake', 'python']
[0.228s] colcon.colcon_core.package_identification Level 1 _identify(third_party/mujoco-3.6.0/model/car) by extension 'cmake'
[0.228s] colcon.colcon_core.package_identification Level 1 _identify(third_party/mujoco-3.6.0/model/car) by extension 'python'
[0.228s] colcon.colcon_core.package_identification Level 1 _identify(third_party/mujoco-3.6.0/model/car) by extensions ['python_setup_py']
[0.228s] colcon.colcon_core.package_identification Level 1 _identify(third_party/mujoco-3.6.0/model/car) by extension 'python_setup_py'
[0.228s] colcon.colcon_core.package_identification Level 1 _identify(third_party/mujoco-3.6.0/model/cards) by extensions ['ignore', 'ignore_ament_install']
[0.228s] colcon.colcon_core.package_identification Level 1 _identify(third_party/mujoco-3.6.0/model/cards) by extension 'ignore'
[0.229s] colcon.colcon_core.package_identification Level 1 _identify(third_party/mujoco-3.6.0/model/cards) by extension 'ignore_ament_install'
[0.229s] colcon.colcon_core.package_identification Level 1 _identify(third_party/mujoco-3.6.0/model/cards) by extensions ['colcon_pkg']
[0.229s] colcon.colcon_core.package_identification Level 1 _identify(third_party/mujoco-3.6.0/model/cards) by extension 'colcon_pkg'
[0.229s] colcon.colcon_core.package_identification Level 1 _identify(third_party/mujoco-3.6.0/model/cards) by extensions ['colcon_meta']
[0.229s] colcon.colcon_core.package_identification Level 1 _identify(third_party/mujoco-3.6.0/model/cards) by extension 'colcon_meta'
[0.229s] colcon.colcon_core.package_identification Level 1 _identify(third_party/mujoco-3.6.0/model/cards) by extensions ['ros']
[0.229s] colcon.colcon_core.package_identification Level 1 _identify(third_party/mujoco-3.6.0/model/cards) by extension 'ros'
[0.229s] colcon.colcon_core.package_identification Level 1 _identify(third_party/mujoco-3.6.0/model/cards) by extensions ['cmake', 'python']
[0.229s] colcon.colcon_core.package_identification Level 1 _identify(third_party/mujoco-3.6.0/model/cards) by extension 'cmake'
[0.229s] colcon.colcon_core.package_identification Level 1 _identify(third_party/mujoco-3.6.0/model/cards) by extension 'python'
[0.229s] colcon.colcon_core.package_identification Level 1 _identify(third_party/mujoco-3.6.0/model/cards) by extensions ['python_setup_py']
[0.229s] colcon.colcon_core.package_identification Level 1 _identify(third_party/mujoco-3.6.0/model/cards) by extension 'python_setup_py'
[0.229s] colcon.colcon_core.package_identification Level 1 _identify(third_party/mujoco-3.6.0/model/cards/assets) by extensions ['ignore', 'ignore_ament_install']
[0.229s] colcon.colcon_core.package_identification Level 1 _identify(third_party/mujoco-3.6.0/model/cards/assets) by extension 'ignore'
[0.229s] colcon.colcon_core.package_identification Level 1 _identify(third_party/mujoco-3.6.0/model/cards/assets) by extension 'ignore_ament_install'
[0.229s] colcon.colcon_core.package_identification Level 1 _identify(third_party/mujoco-3.6.0/model/cards/assets) by extensions ['colcon_pkg']
[0.229s] colcon.colcon_core.package_identification Level 1 _identify(third_party/mujoco-3.6.0/model/cards/assets) by extension 'colcon_pkg'
[0.229s] colcon.colcon_core.package_identification Level 1 _identify(third_party/mujoco-3.6.0/model/cards/assets) by extensions ['colcon_meta']
[0.229s] colcon.colcon_core.package_identification Level 1 _identify(third_party/mujoco-3.6.0/model/cards/assets) by extension 'colcon_meta'
[0.229s] colcon.colcon_core.package_identification Level 1 _identify(third_party/mujoco-3.6.0/model/cards/assets) by extensions ['ros']
[0.229s] colcon.colcon_core.package_identification Level 1 _identify(third_party/mujoco-3.6.0/model/cards/assets) by extension 'ros'
[0.229s] colcon.colcon_core.package_identification Level 1 _identify(third_party/mujoco-3.6.0/model/cards/assets) by extensions ['cmake', 'python']
[0.229s] colcon.colcon_core.package_identification Level 1 _identify(third_party/mujoco-3.6.0/model/cards/assets) by extension 'cmake'
[0.229s] colcon.colcon_core.package_identification Level 1 _identify(third_party/mujoco-3.6.0/model/cards/assets) by extension 'python'
[0.229s] colcon.colcon_core.package_identification Level 1 _identify(third_party/mujoco-3.6.0/model/cards/assets) by extensions ['python_setup_py']
[0.229s] colcon.colcon_core.package_identification Level 1 _identify(third_party/mujoco-3.6.0/model/cards/assets) by extension 'python_setup_py'
[0.229s] colcon.colcon_core.package_identification Level 1 _identify(third_party/mujoco-3.6.0/model/cube) by extensions ['ignore', 'ignore_ament_install']
[0.229s] colcon.colcon_core.package_identification Level 1 _identify(third_party/mujoco-3.6.0/model/cube) by extension 'ignore'
[0.229s] colcon.colcon_core.package_identification Level 1 _identify(third_party/mujoco-3.6.0/model/cube) by extension 'ignore_ament_install'
[0.229s] colcon.colcon_core.package_identification Level 1 _identify(third_party/mujoco-3.6.0/model/cube) by extensions ['colcon_pkg']
[0.229s] colcon.colcon_core.package_identification Level 1 _identify(third_party/mujoco-3.6.0/model/cube) by extension 'colcon_pkg'
[0.229s] colcon.colcon_core.package_identification Level 1 _identify(third_party/mujoco-3.6.0/model/cube) by extensions ['colcon_meta']
[0.229s] colcon.colcon_core.package_identification Level 1 _identify(third_party/mujoco-3.6.0/model/cube) by extension 'colcon_meta'
[0.229s] colcon.colcon_core.package_identification Level 1 _identify(third_party/mujoco-3.6.0/model/cube) by extensions ['ros']
[0.229s] colcon.colcon_core.package_identification Level 1 _identify(third_party/mujoco-3.6.0/model/cube) by extension 'ros'
[0.229s] colcon.colcon_core.package_identification Level 1 _identify(third_party/mujoco-3.6.0/model/cube) by extensions ['cmake', 'python']
[0.229s] colcon.colcon_core.package_identification Level 1 _identify(third_party/mujoco-3.6.0/model/cube) by extension 'cmake'
[0.229s] colcon.colcon_core.package_identification Level 1 _identify(third_party/mujoco-3.6.0/model/cube) by extension 'python'
[0.229s] colcon.colcon_core.package_identification Level 1 _identify(third_party/mujoco-3.6.0/model/cube) by extensions ['python_setup_py']
[0.229s] colcon.colcon_core.package_identification Level 1 _identify(third_party/mujoco-3.6.0/model/cube) by extension 'python_setup_py'
[0.229s] colcon.colcon_core.package_identification Level 1 _identify(third_party/mujoco-3.6.0/model/cube/assets) by extensions ['ignore', 'ignore_ament_install']
[0.230s] colcon.colcon_core.package_identification Level 1 _identify(third_party/mujoco-3.6.0/model/cube/assets) by extension 'ignore'
[0.230s] colcon.colcon_core.package_identification Level 1 _identify(third_party/mujoco-3.6.0/model/cube/assets) by extension 'ignore_ament_install'
[0.230s] colcon.colcon_core.package_identification Level 1 _identify(third_party/mujoco-3.6.0/model/cube/assets) by extensions ['colcon_pkg']
[0.230s] colcon.colcon_core.package_identification Level 1 _identify(third_party/mujoco-3.6.0/model/cube/assets) by extension 'colcon_pkg'
[0.230s] colcon.colcon_core.package_identification Level 1 _identify(third_party/mujoco-3.6.0/model/cube/assets) by extensions ['colcon_meta']
[0.230s] colcon.colcon_core.package_identification Level 1 _identify(third_party/mujoco-3.6.0/model/cube/assets) by extension 'colcon_meta'
[0.230s] colcon.colcon_core.package_identification Level 1 _identify(third_party/mujoco-3.6.0/model/cube/assets) by extensions ['ros']
[0.230s] colcon.colcon_core.package_identification Level 1 _identify(third_party/mujoco-3.6.0/model/cube/assets) by extension 'ros'
[0.230s] colcon.colcon_core.package_identification Level 1 _identify(third_party/mujoco-3.6.0/model/cube/assets) by extensions ['cmake', 'python']
[0.230s] colcon.colcon_core.package_identification Level 1 _identify(third_party/mujoco-3.6.0/model/cube/assets) by extension 'cmake'
[0.230s] colcon.colcon_core.package_identification Level 1 _identify(third_party/mujoco-3.6.0/model/cube/assets) by extension 'python'
[0.230s] colcon.colcon_core.package_identification Level 1 _identify(third_party/mujoco-3.6.0/model/cube/assets) by extensions ['python_setup_py']
[0.230s] colcon.colcon_core.package_identification Level 1 _identify(third_party/mujoco-3.6.0/model/cube/assets) by extension 'python_setup_py'
[0.230s] colcon.colcon_core.package_identification Level 1 _identify(third_party/mujoco-3.6.0/model/flex) by extensions ['ignore', 'ignore_ament_install']
[0.230s] colcon.colcon_core.package_identification Level 1 _identify(third_party/mujoco-3.6.0/model/flex) by extension 'ignore'
[0.230s] colcon.colcon_core.package_identification Level 1 _identify(third_party/mujoco-3.6.0/model/flex) by extension 'ignore_ament_install'
[0.230s] colcon.colcon_core.package_identification Level 1 _identify(third_party/mujoco-3.6.0/model/flex) by extensions ['colcon_pkg']
[0.230s] colcon.colcon_core.package_identification Level 1 _identify(third_party/mujoco-3.6.0/model/flex) by extension 'colcon_pkg'
[0.230s] colcon.colcon_core.package_identification Level 1 _identify(third_party/mujoco-3.6.0/model/flex) by extensions ['colcon_meta']
[0.230s] colcon.colcon_core.package_identification Level 1 _identify(third_party/mujoco-3.6.0/model/flex) by extension 'colcon_meta'
[0.230s] colcon.colcon_core.package_identification Level 1 _identify(third_party/mujoco-3.6.0/model/flex) by extensions ['ros']
[0.230s] colcon.colcon_core.package_identification Level 1 _identify(third_party/mujoco-3.6.0/model/flex) by extension 'ros'
[0.230s] colcon.colcon_core.package_identification Level 1 _identify(third_party/mujoco-3.6.0/model/flex) by extensions ['cmake', 'python']
[0.230s] colcon.colcon_core.package_identification Level 1 _identify(third_party/mujoco-3.6.0/model/flex) by extension 'cmake'
[0.230s] colcon.colcon_core.package_identification Level 1 _identify(third_party/mujoco-3.6.0/model/flex) by extension 'python'
[0.230s] colcon.colcon_core.package_identification Level 1 _identify(third_party/mujoco-3.6.0/model/flex) by extensions ['python_setup_py']
[0.230s] colcon.colcon_core.package_identification Level 1 _identify(third_party/mujoco-3.6.0/model/flex) by extension 'python_setup_py'
[0.230s] colcon.colcon_core.package_identification Level 1 _identify(third_party/mujoco-3.6.0/model/flex/asset) by extensions ['ignore', 'ignore_ament_install']
[0.230s] colcon.colcon_core.package_identification Level 1 _identify(third_party/mujoco-3.6.0/model/flex/asset) by extension 'ignore'
[0.230s] colcon.colcon_core.package_identification Level 1 _identify(third_party/mujoco-3.6.0/model/flex/asset) by extension 'ignore_ament_install'
[0.230s] colcon.colcon_core.package_identification Level 1 _identify(third_party/mujoco-3.6.0/model/flex/asset) by extensions ['colcon_pkg']
[0.230s] colcon.colcon_core.package_identification Level 1 _identify(third_party/mujoco-3.6.0/model/flex/asset) by extension 'colcon_pkg'
[0.230s] colcon.colcon_core.package_identification Level 1 _identify(third_party/mujoco-3.6.0/model/flex/asset) by extensions ['colcon_meta']
[0.230s] colcon.colcon_core.package_identification Level 1 _identify(third_party/mujoco-3.6.0/model/flex/asset) by extension 'colcon_meta'
[0.230s] colcon.colcon_core.package_identification Level 1 _identify(third_party/mujoco-3.6.0/model/flex/asset) by extensions ['ros']
[0.230s] colcon.colcon_core.package_identification Level 1 _identify(third_party/mujoco-3.6.0/model/flex/asset) by extension 'ros'
[0.231s] colcon.colcon_core.package_identification Level 1 _identify(third_party/mujoco-3.6.0/model/flex/asset) by extensions ['cmake', 'python']
[0.231s] colcon.colcon_core.package_identification Level 1 _identify(third_party/mujoco-3.6.0/model/flex/asset) by extension 'cmake'
[0.231s] colcon.colcon_core.package_identification Level 1 _identify(third_party/mujoco-3.6.0/model/flex/asset) by extension 'python'
[0.231s] colcon.colcon_core.package_identification Level 1 _identify(third_party/mujoco-3.6.0/model/flex/asset) by extensions ['python_setup_py']
[0.231s] colcon.colcon_core.package_identification Level 1 _identify(third_party/mujoco-3.6.0/model/flex/asset) by extension 'python_setup_py'
[0.231s] colcon.colcon_core.package_identification Level 1 _identify(third_party/mujoco-3.6.0/model/hammock) by extensions ['ignore', 'ignore_ament_install']
[0.231s] colcon.colcon_core.package_identification Level 1 _identify(third_party/mujoco-3.6.0/model/hammock) by extension 'ignore'
[0.231s] colcon.colcon_core.package_identification Level 1 _identify(third_party/mujoco-3.6.0/model/hammock) by extension 'ignore_ament_install'
[0.231s] colcon.colcon_core.package_identification Level 1 _identify(third_party/mujoco-3.6.0/model/hammock) by extensions ['colcon_pkg']
[0.231s] colcon.colcon_core.package_identification Level 1 _identify(third_party/mujoco-3.6.0/model/hammock) by extension 'colcon_pkg'
[0.231s] colcon.colcon_core.package_identification Level 1 _identify(third_party/mujoco-3.6.0/model/hammock) by extensions ['colcon_meta']
[0.231s] colcon.colcon_core.package_identification Level 1 _identify(third_party/mujoco-3.6.0/model/hammock) by extension 'colcon_meta'
[0.231s] colcon.colcon_core.package_identification Level 1 _identify(third_party/mujoco-3.6.0/model/hammock) by extensions ['ros']
[0.231s] colcon.colcon_core.package_identification Level 1 _identify(third_party/mujoco-3.6.0/model/hammock) by extension 'ros'
[0.231s] colcon.colcon_core.package_identification Level 1 _identify(third_party/mujoco-3.6.0/model/hammock) by extensions ['cmake', 'python']
[0.231s] colcon.colcon_core.package_identification Level 1 _identify(third_party/mujoco-3.6.0/model/hammock) by extension 'cmake'
[0.231s] colcon.colcon_core.package_identification Level 1 _identify(third_party/mujoco-3.6.0/model/hammock) by extension 'python'
[0.231s] colcon.colcon_core.package_identification Level 1 _identify(third_party/mujoco-3.6.0/model/hammock) by extensions ['python_setup_py']
[0.231s] colcon.colcon_core.package_identification Level 1 _identify(third_party/mujoco-3.6.0/model/hammock) by extension 'python_setup_py'
[0.231s] colcon.colcon_core.package_identification Level 1 _identify(third_party/mujoco-3.6.0/model/humanoid) by extensions ['ignore', 'ignore_ament_install']
[0.231s] colcon.colcon_core.package_identification Level 1 _identify(third_party/mujoco-3.6.0/model/humanoid) by extension 'ignore'
[0.231s] colcon.colcon_core.package_identification Level 1 _identify(third_party/mujoco-3.6.0/model/humanoid) by extension 'ignore_ament_install'
[0.231s] colcon.colcon_core.package_identification Level 1 _identify(third_party/mujoco-3.6.0/model/humanoid) by extensions ['colcon_pkg']
[0.231s] colcon.colcon_core.package_identification Level 1 _identify(third_party/mujoco-3.6.0/model/humanoid) by extension 'colcon_pkg'
[0.231s] colcon.colcon_core.package_identification Level 1 _identify(third_party/mujoco-3.6.0/model/humanoid) by extensions ['colcon_meta']
[0.231s] colcon.colcon_core.package_identification Level 1 _identify(third_party/mujoco-3.6.0/model/humanoid) by extension 'colcon_meta'
[0.231s] colcon.colcon_core.package_identification Level 1 _identify(third_party/mujoco-3.6.0/model/humanoid) by extensions ['ros']
[0.231s] colcon.colcon_core.package_identification Level 1 _identify(third_party/mujoco-3.6.0/model/humanoid) by extension 'ros'
[0.231s] colcon.colcon_core.package_identification Level 1 _identify(third_party/mujoco-3.6.0/model/humanoid) by extensions ['cmake', 'python']
[0.231s] colcon.colcon_core.package_identification Level 1 _identify(third_party/mujoco-3.6.0/model/humanoid) by extension 'cmake'
[0.231s] colcon.colcon_core.package_identification Level 1 _identify(third_party/mujoco-3.6.0/model/humanoid) by extension 'python'
[0.231s] colcon.colcon_core.package_identification Level 1 _identify(third_party/mujoco-3.6.0/model/humanoid) by extensions ['python_setup_py']
[0.231s] colcon.colcon_core.package_identification Level 1 _identify(third_party/mujoco-3.6.0/model/humanoid) by extension 'python_setup_py'
[0.231s] colcon.colcon_core.package_identification Level 1 _identify(third_party/mujoco-3.6.0/model/mug) by extensions ['ignore', 'ignore_ament_install']
[0.231s] colcon.colcon_core.package_identification Level 1 _identify(third_party/mujoco-3.6.0/model/mug) by extension 'ignore'
[0.231s] colcon.colcon_core.package_identification Level 1 _identify(third_party/mujoco-3.6.0/model/mug) by extension 'ignore_ament_install'
[0.231s] colcon.colcon_core.package_identification Level 1 _identify(third_party/mujoco-3.6.0/model/mug) by extensions ['colcon_pkg']
[0.231s] colcon.colcon_core.package_identification Level 1 _identify(third_party/mujoco-3.6.0/model/mug) by extension 'colcon_pkg'
[0.231s] colcon.colcon_core.package_identification Level 1 _identify(third_party/mujoco-3.6.0/model/mug) by extensions ['colcon_meta']
[0.231s] colcon.colcon_core.package_identification Level 1 _identify(third_party/mujoco-3.6.0/model/mug) by extension 'colcon_meta'
[0.231s] colcon.colcon_core.package_identification Level 1 _identify(third_party/mujoco-3.6.0/model/mug) by extensions ['ros']
[0.231s] colcon.colcon_core.package_identification Level 1 _identify(third_party/mujoco-3.6.0/model/mug) by extension 'ros'
[0.231s] colcon.colcon_core.package_identification Level 1 _identify(third_party/mujoco-3.6.0/model/mug) by extensions ['cmake', 'python']
[0.231s] colcon.colcon_core.package_identification Level 1 _identify(third_party/mujoco-3.6.0/model/mug) by extension 'cmake'
[0.231s] colcon.colcon_core.package_identification Level 1 _identify(third_party/mujoco-3.6.0/model/mug) by extension 'python'
[0.232s] colcon.colcon_core.package_identification Level 1 _identify(third_party/mujoco-3.6.0/model/mug) by extensions ['python_setup_py']
[0.232s] colcon.colcon_core.package_identification Level 1 _identify(third_party/mujoco-3.6.0/model/mug) by extension 'python_setup_py'
[0.232s] colcon.colcon_core.package_identification Level 1 _identify(third_party/mujoco-3.6.0/model/plugin) by extensions ['ignore', 'ignore_ament_install']
[0.232s] colcon.colcon_core.package_identification Level 1 _identify(third_party/mujoco-3.6.0/model/plugin) by extension 'ignore'
[0.232s] colcon.colcon_core.package_identification Level 1 _identify(third_party/mujoco-3.6.0/model/plugin) by extension 'ignore_ament_install'
[0.232s] colcon.colcon_core.package_identification Level 1 _identify(third_party/mujoco-3.6.0/model/plugin) by extensions ['colcon_pkg']
[0.232s] colcon.colcon_core.package_identification Level 1 _identify(third_party/mujoco-3.6.0/model/plugin) by extension 'colcon_pkg'
[0.232s] colcon.colcon_core.package_identification Level 1 _identify(third_party/mujoco-3.6.0/model/plugin) by extensions ['colcon_meta']
[0.232s] colcon.colcon_core.package_identification Level 1 _identify(third_party/mujoco-3.6.0/model/plugin) by extension 'colcon_meta'
[0.232s] colcon.colcon_core.package_identification Level 1 _identify(third_party/mujoco-3.6.0/model/plugin) by extensions ['ros']
[0.232s] colcon.colcon_core.package_identification Level 1 _identify(third_party/mujoco-3.6.0/model/plugin) by extension 'ros'
[0.232s] colcon.colcon_core.package_identification Level 1 _identify(third_party/mujoco-3.6.0/model/plugin) by extensions ['cmake', 'python']
[0.232s] colcon.colcon_core.package_identification Level 1 _identify(third_party/mujoco-3.6.0/model/plugin) by extension 'cmake'
[0.232s] colcon.colcon_core.package_identification Level 1 _identify(third_party/mujoco-3.6.0/model/plugin) by extension 'python'
[0.232s] colcon.colcon_core.package_identification Level 1 _identify(third_party/mujoco-3.6.0/model/plugin) by extensions ['python_setup_py']
[0.232s] colcon.colcon_core.package_identification Level 1 _identify(third_party/mujoco-3.6.0/model/plugin) by extension 'python_setup_py'
[0.232s] colcon.colcon_core.package_identification Level 1 _identify(third_party/mujoco-3.6.0/model/plugin/actuator) by extensions ['ignore', 'ignore_ament_install']
[0.232s] colcon.colcon_core.package_identification Level 1 _identify(third_party/mujoco-3.6.0/model/plugin/actuator) by extension 'ignore'
[0.232s] colcon.colcon_core.package_identification Level 1 _identify(third_party/mujoco-3.6.0/model/plugin/actuator) by extension 'ignore_ament_install'
[0.232s] colcon.colcon_core.package_identification Level 1 _identify(third_party/mujoco-3.6.0/model/plugin/actuator) by extensions ['colcon_pkg']
[0.232s] colcon.colcon_core.package_identification Level 1 _identify(third_party/mujoco-3.6.0/model/plugin/actuator) by extension 'colcon_pkg'
[0.232s] colcon.colcon_core.package_identification Level 1 _identify(third_party/mujoco-3.6.0/model/plugin/actuator) by extensions ['colcon_meta']
[0.232s] colcon.colcon_core.package_identification Level 1 _identify(third_party/mujoco-3.6.0/model/plugin/actuator) by extension 'colcon_meta'
[0.232s] colcon.colcon_core.package_identification Level 1 _identify(third_party/mujoco-3.6.0/model/plugin/actuator) by extensions ['ros']
[0.232s] colcon.colcon_core.package_identification Level 1 _identify(third_party/mujoco-3.6.0/model/plugin/actuator) by extension 'ros'
[0.232s] colcon.colcon_core.package_identification Level 1 _identify(third_party/mujoco-3.6.0/model/plugin/actuator) by extensions ['cmake', 'python']
[0.232s] colcon.colcon_core.package_identification Level 1 _identify(third_party/mujoco-3.6.0/model/plugin/actuator) by extension 'cmake'
[0.232s] colcon.colcon_core.package_identification Level 1 _identify(third_party/mujoco-3.6.0/model/plugin/actuator) by extension 'python'
[0.232s] colcon.colcon_core.package_identification Level 1 _identify(third_party/mujoco-3.6.0/model/plugin/actuator) by extensions ['python_setup_py']
[0.232s] colcon.colcon_core.package_identification Level 1 _identify(third_party/mujoco-3.6.0/model/plugin/actuator) by extension 'python_setup_py'
[0.232s] colcon.colcon_core.package_identification Level 1 _identify(third_party/mujoco-3.6.0/model/plugin/elasticity) by extensions ['ignore', 'ignore_ament_install']
[0.232s] colcon.colcon_core.package_identification Level 1 _identify(third_party/mujoco-3.6.0/model/plugin/elasticity) by extension 'ignore'
[0.232s] colcon.colcon_core.package_identification Level 1 _identify(third_party/mujoco-3.6.0/model/plugin/elasticity) by extension 'ignore_ament_install'
[0.232s] colcon.colcon_core.package_identification Level 1 _identify(third_party/mujoco-3.6.0/model/plugin/elasticity) by extensions ['colcon_pkg']
[0.232s] colcon.colcon_core.package_identification Level 1 _identify(third_party/mujoco-3.6.0/model/plugin/elasticity) by extension 'colcon_pkg'
[0.232s] colcon.colcon_core.package_identification Level 1 _identify(third_party/mujoco-3.6.0/model/plugin/elasticity) by extensions ['colcon_meta']
[0.232s] colcon.colcon_core.package_identification Level 1 _identify(third_party/mujoco-3.6.0/model/plugin/elasticity) by extension 'colcon_meta'
[0.232s] colcon.colcon_core.package_identification Level 1 _identify(third_party/mujoco-3.6.0/model/plugin/elasticity) by extensions ['ros']
[0.232s] colcon.colcon_core.package_identification Level 1 _identify(third_party/mujoco-3.6.0/model/plugin/elasticity) by extension 'ros'
[0.232s] colcon.colcon_core.package_identification Level 1 _identify(third_party/mujoco-3.6.0/model/plugin/elasticity) by extensions ['cmake', 'python']
[0.232s] colcon.colcon_core.package_identification Level 1 _identify(third_party/mujoco-3.6.0/model/plugin/elasticity) by extension 'cmake'
[0.232s] colcon.colcon_core.package_identification Level 1 _identify(third_party/mujoco-3.6.0/model/plugin/elasticity) by extension 'python'
[0.232s] colcon.colcon_core.package_identification Level 1 _identify(third_party/mujoco-3.6.0/model/plugin/elasticity) by extensions ['python_setup_py']
[0.232s] colcon.colcon_core.package_identification Level 1 _identify(third_party/mujoco-3.6.0/model/plugin/elasticity) by extension 'python_setup_py'
[0.233s] colcon.colcon_core.package_identification Level 1 _identify(third_party/mujoco-3.6.0/model/plugin/sdf) by extensions ['ignore', 'ignore_ament_install']
[0.233s] colcon.colcon_core.package_identification Level 1 _identify(third_party/mujoco-3.6.0/model/plugin/sdf) by extension 'ignore'
[0.233s] colcon.colcon_core.package_identification Level 1 _identify(third_party/mujoco-3.6.0/model/plugin/sdf) by extension 'ignore_ament_install'
[0.233s] colcon.colcon_core.package_identification Level 1 _identify(third_party/mujoco-3.6.0/model/plugin/sdf) by extensions ['colcon_pkg']
[0.233s] colcon.colcon_core.package_identification Level 1 _identify(third_party/mujoco-3.6.0/model/plugin/sdf) by extension 'colcon_pkg'
[0.233s] colcon.colcon_core.package_identification Level 1 _identify(third_party/mujoco-3.6.0/model/plugin/sdf) by extensions ['colcon_meta']
[0.233s] colcon.colcon_core.package_identification Level 1 _identify(third_party/mujoco-3.6.0/model/plugin/sdf) by extension 'colcon_meta'
[0.233s] colcon.colcon_core.package_identification Level 1 _identify(third_party/mujoco-3.6.0/model/plugin/sdf) by extensions ['ros']
[0.233s] colcon.colcon_core.package_identification Level 1 _identify(third_party/mujoco-3.6.0/model/plugin/sdf) by extension 'ros'
[0.233s] colcon.colcon_core.package_identification Level 1 _identify(third_party/mujoco-3.6.0/model/plugin/sdf) by extensions ['cmake', 'python']
[0.233s] colcon.colcon_core.package_identification Level 1 _identify(third_party/mujoco-3.6.0/model/plugin/sdf) by extension 'cmake'
[0.233s] colcon.colcon_core.package_identification Level 1 _identify(third_party/mujoco-3.6.0/model/plugin/sdf) by extension 'python'
[0.233s] colcon.colcon_core.package_identification Level 1 _identify(third_party/mujoco-3.6.0/model/plugin/sdf) by extensions ['python_setup_py']
[0.233s] colcon.colcon_core.package_identification Level 1 _identify(third_party/mujoco-3.6.0/model/plugin/sdf) by extension 'python_setup_py'
[0.233s] colcon.colcon_core.package_identification Level 1 _identify(third_party/mujoco-3.6.0/model/plugin/sdf/asset) by extensions ['ignore', 'ignore_ament_install']
[0.233s] colcon.colcon_core.package_identification Level 1 _identify(third_party/mujoco-3.6.0/model/plugin/sdf/asset) by extension 'ignore'
[0.233s] colcon.colcon_core.package_identification Level 1 _identify(third_party/mujoco-3.6.0/model/plugin/sdf/asset) by extension 'ignore_ament_install'
[0.233s] colcon.colcon_core.package_identification Level 1 _identify(third_party/mujoco-3.6.0/model/plugin/sdf/asset) by extensions ['colcon_pkg']
[0.233s] colcon.colcon_core.package_identification Level 1 _identify(third_party/mujoco-3.6.0/model/plugin/sdf/asset) by extension 'colcon_pkg'
[0.233s] colcon.colcon_core.package_identification Level 1 _identify(third_party/mujoco-3.6.0/model/plugin/sdf/asset) by extensions ['colcon_meta']
[0.233s] colcon.colcon_core.package_identification Level 1 _identify(third_party/mujoco-3.6.0/model/plugin/sdf/asset) by extension 'colcon_meta'
[0.233s] colcon.colcon_core.package_identification Level 1 _identify(third_party/mujoco-3.6.0/model/plugin/sdf/asset) by extensions ['ros']
[0.233s] colcon.colcon_core.package_identification Level 1 _identify(third_party/mujoco-3.6.0/model/plugin/sdf/asset) by extension 'ros'
[0.233s] colcon.colcon_core.package_identification Level 1 _identify(third_party/mujoco-3.6.0/model/plugin/sdf/asset) by extensions ['cmake', 'python']
[0.233s] colcon.colcon_core.package_identification Level 1 _identify(third_party/mujoco-3.6.0/model/plugin/sdf/asset) by extension 'cmake'
[0.233s] colcon.colcon_core.package_identification Level 1 _identify(third_party/mujoco-3.6.0/model/plugin/sdf/asset) by extension 'python'
[0.233s] colcon.colcon_core.package_identification Level 1 _identify(third_party/mujoco-3.6.0/model/plugin/sdf/asset) by extensions ['python_setup_py']
[0.233s] colcon.colcon_core.package_identification Level 1 _identify(third_party/mujoco-3.6.0/model/plugin/sdf/asset) by extension 'python_setup_py'
[0.233s] colcon.colcon_core.package_identification Level 1 _identify(third_party/mujoco-3.6.0/model/plugin/sensor) by extensions ['ignore', 'ignore_ament_install']
[0.233s] colcon.colcon_core.package_identification Level 1 _identify(third_party/mujoco-3.6.0/model/plugin/sensor) by extension 'ignore'
[0.233s] colcon.colcon_core.package_identification Level 1 _identify(third_party/mujoco-3.6.0/model/plugin/sensor) by extension 'ignore_ament_install'
[0.233s] colcon.colcon_core.package_identification Level 1 _identify(third_party/mujoco-3.6.0/model/plugin/sensor) by extensions ['colcon_pkg']
[0.233s] colcon.colcon_core.package_identification Level 1 _identify(third_party/mujoco-3.6.0/model/plugin/sensor) by extension 'colcon_pkg'
[0.233s] colcon.colcon_core.package_identification Level 1 _identify(third_party/mujoco-3.6.0/model/plugin/sensor) by extensions ['colcon_meta']
[0.233s] colcon.colcon_core.package_identification Level 1 _identify(third_party/mujoco-3.6.0/model/plugin/sensor) by extension 'colcon_meta'
[0.233s] colcon.colcon_core.package_identification Level 1 _identify(third_party/mujoco-3.6.0/model/plugin/sensor) by extensions ['ros']
[0.233s] colcon.colcon_core.package_identification Level 1 _identify(third_party/mujoco-3.6.0/model/plugin/sensor) by extension 'ros'
[0.233s] colcon.colcon_core.package_identification Level 1 _identify(third_party/mujoco-3.6.0/model/plugin/sensor) by extensions ['cmake', 'python']
[0.233s] colcon.colcon_core.package_identification Level 1 _identify(third_party/mujoco-3.6.0/model/plugin/sensor) by extension 'cmake'
[0.233s] colcon.colcon_core.package_identification Level 1 _identify(third_party/mujoco-3.6.0/model/plugin/sensor) by extension 'python'
[0.233s] colcon.colcon_core.package_identification Level 1 _identify(third_party/mujoco-3.6.0/model/plugin/sensor) by extensions ['python_setup_py']
[0.233s] colcon.colcon_core.package_identification Level 1 _identify(third_party/mujoco-3.6.0/model/plugin/sensor) by extension 'python_setup_py'
[0.234s] colcon.colcon_core.package_identification Level 1 _identify(third_party/mujoco-3.6.0/model/replicate) by extensions ['ignore', 'ignore_ament_install']
[0.234s] colcon.colcon_core.package_identification Level 1 _identify(third_party/mujoco-3.6.0/model/replicate) by extension 'ignore'
[0.234s] colcon.colcon_core.package_identification Level 1 _identify(third_party/mujoco-3.6.0/model/replicate) by extension 'ignore_ament_install'
[0.234s] colcon.colcon_core.package_identification Level 1 _identify(third_party/mujoco-3.6.0/model/replicate) by extensions ['colcon_pkg']
[0.234s] colcon.colcon_core.package_identification Level 1 _identify(third_party/mujoco-3.6.0/model/replicate) by extension 'colcon_pkg'
[0.234s] colcon.colcon_core.package_identification Level 1 _identify(third_party/mujoco-3.6.0/model/replicate) by extensions ['colcon_meta']
[0.234s] colcon.colcon_core.package_identification Level 1 _identify(third_party/mujoco-3.6.0/model/replicate) by extension 'colcon_meta'
[0.234s] colcon.colcon_core.package_identification Level 1 _identify(third_party/mujoco-3.6.0/model/replicate) by extensions ['ros']
[0.234s] colcon.colcon_core.package_identification Level 1 _identify(third_party/mujoco-3.6.0/model/replicate) by extension 'ros'
[0.234s] colcon.colcon_core.package_identification Level 1 _identify(third_party/mujoco-3.6.0/model/replicate) by extensions ['cmake', 'python']
[0.234s] colcon.colcon_core.package_identification Level 1 _identify(third_party/mujoco-3.6.0/model/replicate) by extension 'cmake'
[0.234s] colcon.colcon_core.package_identification Level 1 _identify(third_party/mujoco-3.6.0/model/replicate) by extension 'python'
[0.234s] colcon.colcon_core.package_identification Level 1 _identify(third_party/mujoco-3.6.0/model/replicate) by extensions ['python_setup_py']
[0.234s] colcon.colcon_core.package_identification Level 1 _identify(third_party/mujoco-3.6.0/model/replicate) by extension 'python_setup_py'
[0.234s] colcon.colcon_core.package_identification Level 1 _identify(third_party/mujoco-3.6.0/model/replicate/asset) by extensions ['ignore', 'ignore_ament_install']
[0.234s] colcon.colcon_core.package_identification Level 1 _identify(third_party/mujoco-3.6.0/model/replicate/asset) by extension 'ignore'
[0.234s] colcon.colcon_core.package_identification Level 1 _identify(third_party/mujoco-3.6.0/model/replicate/asset) by extension 'ignore_ament_install'
[0.234s] colcon.colcon_core.package_identification Level 1 _identify(third_party/mujoco-3.6.0/model/replicate/asset) by extensions ['colcon_pkg']
[0.234s] colcon.colcon_core.package_identification Level 1 _identify(third_party/mujoco-3.6.0/model/replicate/asset) by extension 'colcon_pkg'
[0.234s] colcon.colcon_core.package_identification Level 1 _identify(third_party/mujoco-3.6.0/model/replicate/asset) by extensions ['colcon_meta']
[0.234s] colcon.colcon_core.package_identification Level 1 _identify(third_party/mujoco-3.6.0/model/replicate/asset) by extension 'colcon_meta'
[0.234s] colcon.colcon_core.package_identification Level 1 _identify(third_party/mujoco-3.6.0/model/replicate/asset) by extensions ['ros']
[0.234s] colcon.colcon_core.package_identification Level 1 _identify(third_party/mujoco-3.6.0/model/replicate/asset) by extension 'ros'
[0.234s] colcon.colcon_core.package_identification Level 1 _identify(third_party/mujoco-3.6.0/model/replicate/asset) by extensions ['cmake', 'python']
[0.234s] colcon.colcon_core.package_identification Level 1 _identify(third_party/mujoco-3.6.0/model/replicate/asset) by extension 'cmake'
[0.234s] colcon.colcon_core.package_identification Level 1 _identify(third_party/mujoco-3.6.0/model/replicate/asset) by extension 'python'
[0.234s] colcon.colcon_core.package_identification Level 1 _identify(third_party/mujoco-3.6.0/model/replicate/asset) by extensions ['python_setup_py']
[0.234s] colcon.colcon_core.package_identification Level 1 _identify(third_party/mujoco-3.6.0/model/replicate/asset) by extension 'python_setup_py'
[0.234s] colcon.colcon_core.package_identification Level 1 _identify(third_party/mujoco-3.6.0/model/sleep) by extensions ['ignore', 'ignore_ament_install']
[0.234s] colcon.colcon_core.package_identification Level 1 _identify(third_party/mujoco-3.6.0/model/sleep) by extension 'ignore'
[0.234s] colcon.colcon_core.package_identification Level 1 _identify(third_party/mujoco-3.6.0/model/sleep) by extension 'ignore_ament_install'
[0.234s] colcon.colcon_core.package_identification Level 1 _identify(third_party/mujoco-3.6.0/model/sleep) by extensions ['colcon_pkg']
[0.234s] colcon.colcon_core.package_identification Level 1 _identify(third_party/mujoco-3.6.0/model/sleep) by extension 'colcon_pkg'
[0.234s] colcon.colcon_core.package_identification Level 1 _identify(third_party/mujoco-3.6.0/model/sleep) by extensions ['colcon_meta']
[0.234s] colcon.colcon_core.package_identification Level 1 _identify(third_party/mujoco-3.6.0/model/sleep) by extension 'colcon_meta'
[0.234s] colcon.colcon_core.package_identification Level 1 _identify(third_party/mujoco-3.6.0/model/sleep) by extensions ['ros']
[0.234s] colcon.colcon_core.package_identification Level 1 _identify(third_party/mujoco-3.6.0/model/sleep) by extension 'ros'
[0.234s] colcon.colcon_core.package_identification Level 1 _identify(third_party/mujoco-3.6.0/model/sleep) by extensions ['cmake', 'python']
[0.234s] colcon.colcon_core.package_identification Level 1 _identify(third_party/mujoco-3.6.0/model/sleep) by extension 'cmake'
[0.234s] colcon.colcon_core.package_identification Level 1 _identify(third_party/mujoco-3.6.0/model/sleep) by extension 'python'
[0.234s] colcon.colcon_core.package_identification Level 1 _identify(third_party/mujoco-3.6.0/model/sleep) by extensions ['python_setup_py']
[0.234s] colcon.colcon_core.package_identification Level 1 _identify(third_party/mujoco-3.6.0/model/sleep) by extension 'python_setup_py'
[0.234s] colcon.colcon_core.package_identification Level 1 _identify(third_party/mujoco-3.6.0/model/slider_crank) by extensions ['ignore', 'ignore_ament_install']
[0.234s] colcon.colcon_core.package_identification Level 1 _identify(third_party/mujoco-3.6.0/model/slider_crank) by extension 'ignore'
[0.235s] colcon.colcon_core.package_identification Level 1 _identify(third_party/mujoco-3.6.0/model/slider_crank) by extension 'ignore_ament_install'
[0.235s] colcon.colcon_core.package_identification Level 1 _identify(third_party/mujoco-3.6.0/model/slider_crank) by extensions ['colcon_pkg']
[0.235s] colcon.colcon_core.package_identification Level 1 _identify(third_party/mujoco-3.6.0/model/slider_crank) by extension 'colcon_pkg'
[0.235s] colcon.colcon_core.package_identification Level 1 _identify(third_party/mujoco-3.6.0/model/slider_crank) by extensions ['colcon_meta']
[0.235s] colcon.colcon_core.package_identification Level 1 _identify(third_party/mujoco-3.6.0/model/slider_crank) by extension 'colcon_meta'
[0.235s] colcon.colcon_core.package_identification Level 1 _identify(third_party/mujoco-3.6.0/model/slider_crank) by extensions ['ros']
[0.235s] colcon.colcon_core.package_identification Level 1 _identify(third_party/mujoco-3.6.0/model/slider_crank) by extension 'ros'
[0.235s] colcon.colcon_core.package_identification Level 1 _identify(third_party/mujoco-3.6.0/model/slider_crank) by extensions ['cmake', 'python']
[0.235s] colcon.colcon_core.package_identification Level 1 _identify(third_party/mujoco-3.6.0/model/slider_crank) by extension 'cmake'
[0.235s] colcon.colcon_core.package_identification Level 1 _identify(third_party/mujoco-3.6.0/model/slider_crank) by extension 'python'
[0.235s] colcon.colcon_core.package_identification Level 1 _identify(third_party/mujoco-3.6.0/model/slider_crank) by extensions ['python_setup_py']
[0.235s] colcon.colcon_core.package_identification Level 1 _identify(third_party/mujoco-3.6.0/model/slider_crank) by extension 'python_setup_py'
[0.235s] colcon.colcon_core.package_identification Level 1 _identify(third_party/mujoco-3.6.0/model/tactile) by extensions ['ignore', 'ignore_ament_install']
[0.235s] colcon.colcon_core.package_identification Level 1 _identify(third_party/mujoco-3.6.0/model/tactile) by extension 'ignore'
[0.235s] colcon.colcon_core.package_identification Level 1 _identify(third_party/mujoco-3.6.0/model/tactile) by extension 'ignore_ament_install'
[0.235s] colcon.colcon_core.package_identification Level 1 _identify(third_party/mujoco-3.6.0/model/tactile) by extensions ['colcon_pkg']
[0.235s] colcon.colcon_core.package_identification Level 1 _identify(third_party/mujoco-3.6.0/model/tactile) by extension 'colcon_pkg'
[0.235s] colcon.colcon_core.package_identification Level 1 _identify(third_party/mujoco-3.6.0/model/tactile) by extensions ['colcon_meta']
[0.235s] colcon.colcon_core.package_identification Level 1 _identify(third_party/mujoco-3.6.0/model/tactile) by extension 'colcon_meta'
[0.235s] colcon.colcon_core.package_identification Level 1 _identify(third_party/mujoco-3.6.0/model/tactile) by extensions ['ros']
[0.235s] colcon.colcon_core.package_identification Level 1 _identify(third_party/mujoco-3.6.0/model/tactile) by extension 'ros'
[0.235s] colcon.colcon_core.package_identification Level 1 _identify(third_party/mujoco-3.6.0/model/tactile) by extensions ['cmake', 'python']
[0.235s] colcon.colcon_core.package_identification Level 1 _identify(third_party/mujoco-3.6.0/model/tactile) by extension 'cmake'
[0.235s] colcon.colcon_core.package_identification Level 1 _identify(third_party/mujoco-3.6.0/model/tactile) by extension 'python'
[0.235s] colcon.colcon_core.package_identification Level 1 _identify(third_party/mujoco-3.6.0/model/tactile) by extensions ['python_setup_py']
[0.235s] colcon.colcon_core.package_identification Level 1 _identify(third_party/mujoco-3.6.0/model/tactile) by extension 'python_setup_py'
[0.235s] colcon.colcon_core.package_identification Level 1 _identify(third_party/mujoco-3.6.0/model/tendon_arm) by extensions ['ignore', 'ignore_ament_install']
[0.235s] colcon.colcon_core.package_identification Level 1 _identify(third_party/mujoco-3.6.0/model/tendon_arm) by extension 'ignore'
[0.235s] colcon.colcon_core.package_identification Level 1 _identify(third_party/mujoco-3.6.0/model/tendon_arm) by extension 'ignore_ament_install'
[0.235s] colcon.colcon_core.package_identification Level 1 _identify(third_party/mujoco-3.6.0/model/tendon_arm) by extensions ['colcon_pkg']
[0.235s] colcon.colcon_core.package_identification Level 1 _identify(third_party/mujoco-3.6.0/model/tendon_arm) by extension 'colcon_pkg'
[0.235s] colcon.colcon_core.package_identification Level 1 _identify(third_party/mujoco-3.6.0/model/tendon_arm) by extensions ['colcon_meta']
[0.235s] colcon.colcon_core.package_identification Level 1 _identify(third_party/mujoco-3.6.0/model/tendon_arm) by extension 'colcon_meta'
[0.235s] colcon.colcon_core.package_identification Level 1 _identify(third_party/mujoco-3.6.0/model/tendon_arm) by extensions ['ros']
[0.235s] colcon.colcon_core.package_identification Level 1 _identify(third_party/mujoco-3.6.0/model/tendon_arm) by extension 'ros'
[0.235s] colcon.colcon_core.package_identification Level 1 _identify(third_party/mujoco-3.6.0/model/tendon_arm) by extensions ['cmake', 'python']
[0.235s] colcon.colcon_core.package_identification Level 1 _identify(third_party/mujoco-3.6.0/model/tendon_arm) by extension 'cmake'
[0.235s] colcon.colcon_core.package_identification Level 1 _identify(third_party/mujoco-3.6.0/model/tendon_arm) by extension 'python'
[0.235s] colcon.colcon_core.package_identification Level 1 _identify(third_party/mujoco-3.6.0/model/tendon_arm) by extensions ['python_setup_py']
[0.235s] colcon.colcon_core.package_identification Level 1 _identify(third_party/mujoco-3.6.0/model/tendon_arm) by extension 'python_setup_py'
[0.235s] colcon.colcon_core.package_identification Level 1 _identify(third_party/mujoco-3.6.0/sample) by extensions ['ignore', 'ignore_ament_install']
[0.235s] colcon.colcon_core.package_identification Level 1 _identify(third_party/mujoco-3.6.0/sample) by extension 'ignore'
[0.235s] colcon.colcon_core.package_identification Level 1 _identify(third_party/mujoco-3.6.0/sample) by extension 'ignore_ament_install'
[0.235s] colcon.colcon_core.package_identification Level 1 _identify(third_party/mujoco-3.6.0/sample) by extensions ['colcon_pkg']
[0.235s] colcon.colcon_core.package_identification Level 1 _identify(third_party/mujoco-3.6.0/sample) by extension 'colcon_pkg'
[0.235s] colcon.colcon_core.package_identification Level 1 _identify(third_party/mujoco-3.6.0/sample) by extensions ['colcon_meta']
[0.235s] colcon.colcon_core.package_identification Level 1 _identify(third_party/mujoco-3.6.0/sample) by extension 'colcon_meta'
[0.236s] colcon.colcon_core.package_identification Level 1 _identify(third_party/mujoco-3.6.0/sample) by extensions ['ros']
[0.236s] colcon.colcon_core.package_identification Level 1 _identify(third_party/mujoco-3.6.0/sample) by extension 'ros'
[0.236s] colcon.colcon_core.package_identification Level 1 _identify(third_party/mujoco-3.6.0/sample) by extensions ['cmake', 'python']
[0.236s] colcon.colcon_core.package_identification Level 1 _identify(third_party/mujoco-3.6.0/sample) by extension 'cmake'
[0.236s] colcon.colcon_core.package_identification Level 1 _identify(third_party/mujoco-3.6.0/sample) by extension 'python'
[0.236s] colcon.colcon_core.package_identification Level 1 _identify(third_party/mujoco-3.6.0/sample) by extensions ['python_setup_py']
[0.236s] colcon.colcon_core.package_identification Level 1 _identify(third_party/mujoco-3.6.0/sample) by extension 'python_setup_py'
[0.236s] colcon.colcon_core.package_identification Level 1 _identify(third_party/mujoco-3.6.0/sample/cmake) by extensions ['ignore', 'ignore_ament_install']
[0.236s] colcon.colcon_core.package_identification Level 1 _identify(third_party/mujoco-3.6.0/sample/cmake) by extension 'ignore'
[0.236s] colcon.colcon_core.package_identification Level 1 _identify(third_party/mujoco-3.6.0/sample/cmake) by extension 'ignore_ament_install'
[0.236s] colcon.colcon_core.package_identification Level 1 _identify(third_party/mujoco-3.6.0/sample/cmake) by extensions ['colcon_pkg']
[0.236s] colcon.colcon_core.package_identification Level 1 _identify(third_party/mujoco-3.6.0/sample/cmake) by extension 'colcon_pkg'
[0.236s] colcon.colcon_core.package_identification Level 1 _identify(third_party/mujoco-3.6.0/sample/cmake) by extensions ['colcon_meta']
[0.236s] colcon.colcon_core.package_identification Level 1 _identify(third_party/mujoco-3.6.0/sample/cmake) by extension 'colcon_meta'
[0.236s] colcon.colcon_core.package_identification Level 1 _identify(third_party/mujoco-3.6.0/sample/cmake) by extensions ['ros']
[0.236s] colcon.colcon_core.package_identification Level 1 _identify(third_party/mujoco-3.6.0/sample/cmake) by extension 'ros'
[0.236s] colcon.colcon_core.package_identification Level 1 _identify(third_party/mujoco-3.6.0/sample/cmake) by extensions ['cmake', 'python']
[0.236s] colcon.colcon_core.package_identification Level 1 _identify(third_party/mujoco-3.6.0/sample/cmake) by extension 'cmake'
[0.236s] colcon.colcon_core.package_identification Level 1 _identify(third_party/mujoco-3.6.0/sample/cmake) by extension 'python'
[0.236s] colcon.colcon_core.package_identification Level 1 _identify(third_party/mujoco-3.6.0/sample/cmake) by extensions ['python_setup_py']
[0.236s] colcon.colcon_core.package_identification Level 1 _identify(third_party/mujoco-3.6.0/sample/cmake) by extension 'python_setup_py'
[0.236s] colcon.colcon_core.package_identification Level 1 _identify(third_party/mujoco-3.6.0/simulate) by extensions ['ignore', 'ignore_ament_install']
[0.236s] colcon.colcon_core.package_identification Level 1 _identify(third_party/mujoco-3.6.0/simulate) by extension 'ignore'
[0.236s] colcon.colcon_core.package_identification Level 1 _identify(third_party/mujoco-3.6.0/simulate) by extension 'ignore_ament_install'
[0.236s] colcon.colcon_core.package_identification Level 1 _identify(third_party/mujoco-3.6.0/simulate) by extensions ['colcon_pkg']
[0.236s] colcon.colcon_core.package_identification Level 1 _identify(third_party/mujoco-3.6.0/simulate) by extension 'colcon_pkg'
[0.236s] colcon.colcon_core.package_identification Level 1 _identify(third_party/mujoco-3.6.0/simulate) by extensions ['colcon_meta']
[0.236s] colcon.colcon_core.package_identification Level 1 _identify(third_party/mujoco-3.6.0/simulate) by extension 'colcon_meta'
[0.236s] colcon.colcon_core.package_identification Level 1 _identify(third_party/mujoco-3.6.0/simulate) by extensions ['ros']
[0.236s] colcon.colcon_core.package_identification Level 1 _identify(third_party/mujoco-3.6.0/simulate) by extension 'ros'
[0.236s] colcon.colcon_core.package_identification Level 1 _identify(third_party/mujoco-3.6.0/simulate) by extensions ['cmake', 'python']
[0.236s] colcon.colcon_core.package_identification Level 1 _identify(third_party/mujoco-3.6.0/simulate) by extension 'cmake'
[0.236s] colcon.colcon_core.package_identification Level 1 _identify(third_party/mujoco-3.6.0/simulate) by extension 'python'
[0.236s] colcon.colcon_core.package_identification Level 1 _identify(third_party/mujoco-3.6.0/simulate) by extensions ['python_setup_py']
[0.236s] colcon.colcon_core.package_identification Level 1 _identify(third_party/mujoco-3.6.0/simulate) by extension 'python_setup_py'
[0.236s] colcon.colcon_core.package_identification Level 1 _identify(third_party/mujoco-3.6.0/simulate/cmake) by extensions ['ignore', 'ignore_ament_install']
[0.236s] colcon.colcon_core.package_identification Level 1 _identify(third_party/mujoco-3.6.0/simulate/cmake) by extension 'ignore'
[0.236s] colcon.colcon_core.package_identification Level 1 _identify(third_party/mujoco-3.6.0/simulate/cmake) by extension 'ignore_ament_install'
[0.236s] colcon.colcon_core.package_identification Level 1 _identify(third_party/mujoco-3.6.0/simulate/cmake) by extensions ['colcon_pkg']
[0.236s] colcon.colcon_core.package_identification Level 1 _identify(third_party/mujoco-3.6.0/simulate/cmake) by extension 'colcon_pkg'
[0.236s] colcon.colcon_core.package_identification Level 1 _identify(third_party/mujoco-3.6.0/simulate/cmake) by extensions ['colcon_meta']
[0.236s] colcon.colcon_core.package_identification Level 1 _identify(third_party/mujoco-3.6.0/simulate/cmake) by extension 'colcon_meta'
[0.236s] colcon.colcon_core.package_identification Level 1 _identify(third_party/mujoco-3.6.0/simulate/cmake) by extensions ['ros']
[0.236s] colcon.colcon_core.package_identification Level 1 _identify(third_party/mujoco-3.6.0/simulate/cmake) by extension 'ros'
[0.237s] colcon.colcon_core.package_identification Level 1 _identify(third_party/mujoco-3.6.0/simulate/cmake) by extensions ['cmake', 'python']
[0.237s] colcon.colcon_core.package_identification Level 1 _identify(third_party/mujoco-3.6.0/simulate/cmake) by extension 'cmake'
[0.237s] colcon.colcon_core.package_identification Level 1 _identify(third_party/mujoco-3.6.0/simulate/cmake) by extension 'python'
[0.237s] colcon.colcon_core.package_identification Level 1 _identify(third_party/mujoco-3.6.0/simulate/cmake) by extensions ['python_setup_py']
[0.237s] colcon.colcon_core.package_identification Level 1 _identify(third_party/mujoco-3.6.0/simulate/cmake) by extension 'python_setup_py'
[0.237s] colcon.colcon_core.package_identification Level 1 _identify(third_party/mujoco-3.6.0/wasm) by extensions ['ignore', 'ignore_ament_install']
[0.237s] colcon.colcon_core.package_identification Level 1 _identify(third_party/mujoco-3.6.0/wasm) by extension 'ignore'
[0.237s] colcon.colcon_core.package_identification Level 1 _identify(third_party/mujoco-3.6.0/wasm) by extension 'ignore_ament_install'
[0.237s] colcon.colcon_core.package_identification Level 1 _identify(third_party/mujoco-3.6.0/wasm) by extensions ['colcon_pkg']
[0.237s] colcon.colcon_core.package_identification Level 1 _identify(third_party/mujoco-3.6.0/wasm) by extension 'colcon_pkg'
[0.237s] colcon.colcon_core.package_identification Level 1 _identify(third_party/mujoco-3.6.0/wasm) by extensions ['colcon_meta']
[0.237s] colcon.colcon_core.package_identification Level 1 _identify(third_party/mujoco-3.6.0/wasm) by extension 'colcon_meta'
[0.237s] colcon.colcon_core.package_identification Level 1 _identify(third_party/mujoco-3.6.0/wasm) by extensions ['ros']
[0.237s] colcon.colcon_core.package_identification Level 1 _identify(third_party/mujoco-3.6.0/wasm) by extension 'ros'
[0.237s] colcon.colcon_core.package_identification Level 1 _identify(third_party/mujoco-3.6.0/wasm) by extensions ['cmake', 'python']
[0.237s] colcon.colcon_core.package_identification Level 1 _identify(third_party/mujoco-3.6.0/wasm) by extension 'cmake'
[0.237s] colcon.colcon_core.package_identification Level 1 _identify(third_party/mujoco-3.6.0/wasm) by extension 'python'
[0.237s] colcon.colcon_core.package_identification Level 1 _identify(third_party/mujoco-3.6.0/wasm) by extensions ['python_setup_py']
[0.237s] colcon.colcon_core.package_identification Level 1 _identify(third_party/mujoco-3.6.0/wasm) by extension 'python_setup_py'
[0.237s] colcon.colcon_core.package_identification Level 1 _identify(third_party/mujoco_ray_caster) by extensions ['ignore', 'ignore_ament_install']
[0.237s] colcon.colcon_core.package_identification Level 1 _identify(third_party/mujoco_ray_caster) by extension 'ignore'
[0.237s] colcon.colcon_core.package_identification Level 1 _identify(third_party/mujoco_ray_caster) by extension 'ignore_ament_install'
[0.237s] colcon.colcon_core.package_identification Level 1 _identify(third_party/mujoco_ray_caster) by extensions ['colcon_pkg']
[0.237s] colcon.colcon_core.package_identification Level 1 _identify(third_party/mujoco_ray_caster) by extension 'colcon_pkg'
[0.237s] colcon.colcon_core.package_identification Level 1 _identify(third_party/mujoco_ray_caster) by extensions ['colcon_meta']
[0.237s] colcon.colcon_core.package_identification Level 1 _identify(third_party/mujoco_ray_caster) by extension 'colcon_meta'
[0.237s] colcon.colcon_core.package_identification Level 1 _identify(third_party/mujoco_ray_caster) by extensions ['ros']
[0.237s] colcon.colcon_core.package_identification Level 1 _identify(third_party/mujoco_ray_caster) by extension 'ros'
[0.237s] colcon.colcon_core.package_identification Level 1 _identify(third_party/mujoco_ray_caster) by extensions ['cmake', 'python']
[0.237s] colcon.colcon_core.package_identification Level 1 _identify(third_party/mujoco_ray_caster) by extension 'cmake'
[0.238s] colcon.colcon_core.package_identification Level 1 _identify(third_party/mujoco_ray_caster) by extension 'python'
[0.238s] colcon.colcon_core.package_identification DEBUG Package 'third_party/mujoco_ray_caster' with type 'cmake' and name 'mujoco_ray_caster'
[0.238s] colcon.colcon_core.package_identification Level 1 _identify(third_party/remote_control) by extensions ['ignore', 'ignore_ament_install']
[0.238s] colcon.colcon_core.package_identification Level 1 _identify(third_party/remote_control) by extension 'ignore'
[0.238s] colcon.colcon_core.package_identification Level 1 _identify(third_party/remote_control) by extension 'ignore_ament_install'
[0.238s] colcon.colcon_core.package_identification Level 1 _identify(third_party/remote_control) by extensions ['colcon_pkg']
[0.238s] colcon.colcon_core.package_identification Level 1 _identify(third_party/remote_control) by extension 'colcon_pkg'
[0.238s] colcon.colcon_core.package_identification Level 1 _identify(third_party/remote_control) by extensions ['colcon_meta']
[0.238s] colcon.colcon_core.package_identification Level 1 _identify(third_party/remote_control) by extension 'colcon_meta'
[0.238s] colcon.colcon_core.package_identification Level 1 _identify(third_party/remote_control) by extensions ['ros']
[0.238s] colcon.colcon_core.package_identification Level 1 _identify(third_party/remote_control) by extension 'ros'
[0.238s] colcon.colcon_core.package_identification Level 1 _identify(third_party/remote_control) by extensions ['cmake', 'python']
[0.238s] colcon.colcon_core.package_identification Level 1 _identify(third_party/remote_control) by extension 'cmake'
[0.238s] colcon.colcon_core.package_identification Level 1 _identify(third_party/remote_control) by extension 'python'
[0.238s] colcon.colcon_core.package_identification DEBUG Package 'third_party/remote_control' with type 'cmake' and name 'remote_control'
[0.238s] colcon.colcon_core.package_discovery Level 1 discover_packages(recursive) using defaults
